<?xml version="1.0" encoding="utf-8" standalone="no"?>
<!--This file represents the results of running a test suite-->
<test-results name="D:\Winutils\College\קורסים\שנה ב'\פיתוח תוכנה\פרויקט\mta-hattrick\mta-hattrick\GeneralTester\GeneralTester\GeneralTester.csproj" total="18" failures="0" not-run="0" date="2009-03-30" time="20:18:31">
  <environment nunit-version="2.4.8.0" clr-version="2.0.50727.1433" os-version="Microsoft Windows NT 5.1.2600 Service Pack 2" platform="Win32NT" cwd="C:\Program Files\NUnit 2.4.8\bin" machine-name="ORON" user="Slim" user-domain="ORON" />
  <culture-info current-culture="he-IL" current-uiculture="en-US" />
  <test-suite name="D:\Winutils\College\קורסים\שנה ב'\פיתוח תוכנה\פרויקט\mta-hattrick\mta-hattrick\GeneralTester\GeneralTester\GeneralTester.csproj" success="True" time="8.375" asserts="0">
    <results>
      <test-suite name="D:\Winutils\College\קורסים\שנה ב'\פיתוח תוכנה\פרויקט\mta-hattrick\mta-hattrick\GeneralTester\GeneralTester\bin\Debug\GeneralTester.exe" success="True" time="8.375" asserts="0">
        <results>
          <test-suite name="HatTrick" success="True" time="8.359" asserts="0">
            <results>
              <test-suite name="GeneralTester" success="True" time="8.344" asserts="0">
                <results>
                  <test-case name="HatTrick.GeneralTester.BuyPlayer" executed="True" success="True" time="0.813" asserts="2" />
                  <test-case name="HatTrick.GeneralTester.ChangePlayerPosition" executed="True" success="True" time="0.203" asserts="3" />
                  <test-case name="HatTrick.GeneralTester.ChangeTeamFormation" executed="True" success="True" time="0.234" asserts="3" />
                  <test-case name="HatTrick.GeneralTester.ChangeTrainingType" executed="True" success="True" time="0.156" asserts="2" />
                  <test-case name="HatTrick.GeneralTester.CheckCreateLeague" executed="True" success="True" time="1.766" asserts="1" />
                  <test-case name="HatTrick.GeneralTester.CheckPlayerPosition" executed="True" success="True" time="0.047" asserts="1" />
                  <test-case name="HatTrick.GeneralTester.CheckTraining" executed="True" success="True" time="0.078" asserts="1" />
                  <test-case name="HatTrick.GeneralTester.GameSavedInDB" executed="True" success="True" time="0.281" asserts="5" />
                  <test-case name="HatTrick.GeneralTester.MatchTeamsFailure" executed="True" success="True" time="0.078" asserts="1" />
                  <test-case name="HatTrick.GeneralTester.MatchTeamsSuccessfully" executed="True" success="True" time="0.078" asserts="1" />
                  <test-case name="HatTrick.GeneralTester.PlayACycle" executed="True" success="True" time="2.984" asserts="1" />
                  <test-case name="HatTrick.GeneralTester.TestLoadTeam" executed="True" success="True" time="0.125" asserts="1" />
                  <test-case name="HatTrick.GeneralTester.TestLoadTeamWithoutLogin" executed="True" success="True" time="0.078" asserts="1" />
                  <test-case name="HatTrick.GeneralTester.TestUserCreationFailure" executed="True" success="True" time="0.156" asserts="1" />
                  <test-case name="HatTrick.GeneralTester.TestUserCreationSuccess" executed="True" success="True" time="0.063" asserts="1" />
                  <test-case name="HatTrick.GeneralTester.TestUserLoginFailure" executed="True" success="True" time="0.078" asserts="1" />
                  <test-case name="HatTrick.GeneralTester.TestUserLoginSuccess" executed="True" success="True" time="0.078" asserts="2" />
                  <test-case name="HatTrick.GeneralTester.TrainAllTeams" executed="True" success="True" time="1.016" asserts="0" />
                </results>
              </test-suite>
            </results>
          </test-suite>
        </results>
      </test-suite>
    </results>
  </test-suite>
</test-results>