<?xml version="1.0" encoding="utf-8" standalone="no"?>
<!--This file represents the results of running a test suite-->
<test-results name="D:\Elad\Projects\hattrick\GeneralTester\GeneralTester\bin\Debug\GeneralTester.exe" total="1" failures="0" not-run="0" date="2009-03-13" time="02:03:33">
  <environment nunit-version="2.4.8.0" clr-version="2.0.50727.1433" os-version="Microsoft Windows NT 5.1.2600 Service Pack 3" platform="Win32NT" cwd="D:\Program Files\NUnit 2.4.8\bin" machine-name="ELAD" user="Elad Lebovitch" user-domain="ELAD" />
  <culture-info current-culture="he-IL" current-uiculture="en-US" />
  <test-suite name="D:\Elad\Projects\hattrick\GeneralTester\GeneralTester\bin\Debug\GeneralTester.exe" success="True" time="0.406" asserts="0">
    <results>
      <test-suite name="HatTrick" success="True" time="0.391" asserts="0">
        <results>
          <test-suite name="GeneralTester" success="True" time="0.391" asserts="0">
            <results>
              <test-case name="HatTrick.GeneralTester.CheckPlayerPosition" executed="True" success="True" time="0.391" asserts="1" />
            </results>
          </test-suite>
        </results>
      </test-suite>
    </results>
  </test-suite>
</test-results>