<?xml version="1.0" encoding="utf-8" standalone="no"?>
<!--This file represents the results of running a test suite-->
<test-results name="D:\winutils\University\SoftwareDev\פרויקט סיכום\hattrick-mta\mta-hattrick\GeneralTester\GeneralTester\bin\Debug\GeneralTester.exe" total="18" failures="0" not-run="0" date="2009-03-22" time="19:19:01">
  <environment nunit-version="2.4.8.0" clr-version="2.0.50727.1433" os-version="Microsoft Windows NT 6.0.6000.0" platform="Win32NT" cwd="C:\Program Files\NUnit 2.4.8\bin" machine-name="ETAYLAP" user="EtayAdmin" user-domain="EtayLap" />
  <culture-info current-culture="he-IL" current-uiculture="en-US" />
  <test-suite name="D:\winutils\University\SoftwareDev\פרויקט סיכום\hattrick-mta\mta-hattrick\GeneralTester\GeneralTester\bin\Debug\GeneralTester.exe" success="True" time="11.357" asserts="0">
    <results>
      <test-suite name="HatTrick" success="True" time="11.326" asserts="0">
        <results>
          <test-suite name="GeneralTester" success="True" time="10.951" asserts="0">
            <results>
              <test-case name="HatTrick.GeneralTester.BuyPlayer" executed="True" success="True" time="2.059" asserts="2" />
              <test-case name="HatTrick.GeneralTester.ChangePlayerPosition" executed="True" success="True" time="0.312" asserts="3" />
              <test-case name="HatTrick.GeneralTester.ChangeTeamFormation" executed="True" success="True" time="0.343" asserts="3" />
              <test-case name="HatTrick.GeneralTester.ChangeTrainingType" executed="True" success="True" time="0.203" asserts="2" />
              <test-case name="HatTrick.GeneralTester.CheckCreateLeague" executed="True" success="True" time="1.919" asserts="1" />
              <test-case name="HatTrick.GeneralTester.CheckPlayerPosition" executed="True" success="True" time="0.062" asserts="1" />
              <test-case name="HatTrick.GeneralTester.CheckTraining" executed="True" success="True" time="0.062" asserts="1" />
              <test-case name="HatTrick.GeneralTester.GameSavedInDB" executed="True" success="True" time="0.421" asserts="5" />
              <test-case name="HatTrick.GeneralTester.MatchTeamsFailure" executed="True" success="True" time="0.172" asserts="1" />
              <test-case name="HatTrick.GeneralTester.MatchTeamsSuccessfully" executed="True" success="True" time="0.125" asserts="1" />
              <test-case name="HatTrick.GeneralTester.PlayACycle" executed="True" success="True" time="2.777" asserts="1" />
              <test-case name="HatTrick.GeneralTester.TestLoadTeam" executed="True" success="True" time="0.125" asserts="1" />
              <test-case name="HatTrick.GeneralTester.TestLoadTeamWithoutLogin" executed="True" success="True" time="0.125" asserts="1" />
              <test-case name="HatTrick.GeneralTester.TestUserCreationFailure" executed="True" success="True" time="0.234" asserts="1" />
              <test-case name="HatTrick.GeneralTester.TestUserCreationSuccess" executed="True" success="True" time="0.109" asserts="1" />
              <test-case name="HatTrick.GeneralTester.TestUserLoginFailure" executed="True" success="True" time="0.062" asserts="1" />
              <test-case name="HatTrick.GeneralTester.TestUserLoginSuccess" executed="True" success="True" time="0.062" asserts="2" />
              <test-case name="HatTrick.GeneralTester.TrainAllTeams" executed="True" success="True" time="1.108" asserts="0" />
            </results>
          </test-suite>
        </results>
      </test-suite>
    </results>
  </test-suite>
</test-results>