<?xml version="1.0" encoding="utf-8" standalone="no"?>
<!--This file represents the results of running a test suite-->
<test-results name="D:\winutils\University\SoftwareDev\פרויקט סיכום\hattrick-mta\mta-hattrick\GeneralTester\GeneralTester\bin\Debug\GeneralTester.dll" total="5" failures="1" not-run="0" date="2009-03-07" time="20:55:48">
  <environment nunit-version="2.4.8.0" clr-version="2.0.50727.1433" os-version="Microsoft Windows NT 6.0.6000.0" platform="Win32NT" cwd="C:\Program Files\NUnit 2.4.8\bin" machine-name="ETAYLAP" user="EtayAdmin" user-domain="EtayLap" />
  <culture-info current-culture="he-IL" current-uiculture="en-US" />
  <test-suite name="D:\winutils\University\SoftwareDev\פרויקט סיכום\hattrick-mta\mta-hattrick\GeneralTester\GeneralTester\bin\Debug\GeneralTester.dll" success="False" time="0.920" asserts="0">
    <results>
      <test-suite name="HatTrick" success="False" time="0.905" asserts="0">
        <results>
          <test-suite name="GeneralTester" success="False" time="0.905" asserts="0">
            <results>
              <test-case name="HatTrick.GeneralTester.TestManageTeam" executed="True" success="False" time="0.078" asserts="1">
                <failure>
                  <message><![CDATA[  Expected: not null
  But was:  null
]]></message>
                  <stack-trace><![CDATA[at HatTrick.GeneralTester.TestManageTeam() in D:\winutils\University\SoftwareDev\פרויקט סיכום\hattrick-mta\mta-hattrick\GeneralTester\GeneralTester\Tester.cs:line 45
]]></stack-trace>
                </failure>
              </test-case>
              <test-case name="HatTrick.GeneralTester.TestUserCreationFailure" executed="True" success="True" time="0.515" asserts="1" />
              <test-case name="HatTrick.GeneralTester.TestUserCreationSuccess" executed="True" success="True" time="0.094" asserts="1" />
              <test-case name="HatTrick.GeneralTester.TestUserLoginFailure" executed="True" success="True" time="0.078" asserts="1" />
              <test-case name="HatTrick.GeneralTester.TestUserLoginSuccess" executed="True" success="True" time="0.047" asserts="2" />
            </results>
          </test-suite>
        </results>
      </test-suite>
    </results>
  </test-suite>
</test-results>