<?xml version="1.0" encoding="utf-8" standalone="no"?>
<!--This file represents the results of running a test suite-->
<test-results name="D:\Winutils\College\קורסים\שנה ב'\פיתוח תוכנה\פרויקט\mta-hattrick\mta-hattrick\GeneralTester\GeneralTester\GeneralTester.csproj" total="4" failures="0" not-run="0" date="2009-03-05" time="20:19:44">
  <environment nunit-version="2.4.8.0" clr-version="2.0.50727.42" os-version="Microsoft Windows NT 5.1.2600 Service Pack 2" platform="Win32NT" cwd="D:\Winutils\College\קורסים\שנה ב'\פיתוח תוכנה\פרויקט\mta-hattrick\mta-hattrick\GeneralTester\GeneralTester" machine-name="ORON" user="Slim" user-domain="ORON" />
  <culture-info current-culture="he-IL" current-uiculture="en-US" />
  <test-suite name="D:\Winutils\College\קורסים\שנה ב'\פיתוח תוכנה\פרויקט\mta-hattrick\mta-hattrick\GeneralTester\GeneralTester\GeneralTester.csproj" success="True" time="0.688" asserts="0">
    <results>
      <test-suite name="D:\Winutils\College\קורסים\שנה ב'\פיתוח תוכנה\פרויקט\mta-hattrick\mta-hattrick\GeneralTester\GeneralTester\bin\Debug\GeneralTester.dll" success="True" time="0.688" asserts="0">
        <results>
          <test-suite name="HatTrick" success="True" time="0.688" asserts="0">
            <results>
              <test-suite name="GeneralTester" success="True" time="0.672" asserts="0">
                <results>
                  <test-case name="HatTrick.GeneralTester.TestUserCreationFailure" executed="True" success="True" time="0.438" asserts="1" />
                  <test-case name="HatTrick.GeneralTester.TestUserCreationSuccess" executed="True" success="True" time="0.094" asserts="1" />
                  <test-case name="HatTrick.GeneralTester.TestUserLoginFailure" executed="True" success="True" time="0.094" asserts="1" />
                  <test-case name="HatTrick.GeneralTester.TestUserLoginSuccess" executed="True" success="True" time="0.047" asserts="2" />
                </results>
              </test-suite>
            </results>
          </test-suite>
        </results>
      </test-suite>
    </results>
  </test-suite>
</test-results>